;  LST file generated by mikroListExporter - v.2.0 
; Date/Time: 1/20/2024 3:46:20 AM
;----------------------------------------------

;Address Opcode 	ASM
0x0000	0x2A39      	GOTO       569
_Delay_50us:
;__Lib_Delays.c,19 :: 		void Delay_50us() {
;__Lib_Delays.c,20 :: 		Delay_us(50);
0x0003	0x3021      	MOVLW      33
0x0004	0x1283      	BCF        STATUS, 5
0x0005	0x1303      	BCF        STATUS, 6
0x0006	0x00FD      	MOVWF      R13
L_Delay_50us2:
0x0007	0x0BFD      	DECFSZ     R13, 1
0x0008	0x2807      	GOTO       L_Delay_50us2
;__Lib_Delays.c,21 :: 		}
L_end_Delay_50us:
0x0009	0x0008      	RETURN
; end of _Delay_50us
_Delay_1us:
;__Lib_Delays.c,7 :: 		void Delay_1us() {
;__Lib_Delays.c,8 :: 		Delay_us(1);
0x000A	0x0000      	NOP
0x000B	0x0000      	NOP
;__Lib_Delays.c,9 :: 		}
L_end_Delay_1us:
0x000C	0x0008      	RETURN
; end of _Delay_1us
_Delay_5500us:
;__Lib_Delays.c,31 :: 		void Delay_5500us() {
;__Lib_Delays.c,32 :: 		Delay_us(5500);
0x000D	0x300F      	MOVLW      15
0x000E	0x1283      	BCF        STATUS, 5
0x000F	0x1303      	BCF        STATUS, 6
0x0010	0x00FC      	MOVWF      R12
0x0011	0x3047      	MOVLW      71
0x0012	0x00FD      	MOVWF      R13
L_Delay_5500us5:
0x0013	0x0BFD      	DECFSZ     R13, 1
0x0014	0x2813      	GOTO       L_Delay_5500us5
0x0015	0x0BFC      	DECFSZ     R12, 1
0x0016	0x2813      	GOTO       L_Delay_5500us5
0x0017	0x0000      	NOP
0x0018	0x0000      	NOP
;__Lib_Delays.c,33 :: 		}
L_end_Delay_5500us:
0x0019	0x0008      	RETURN
; end of _Delay_5500us
_Lcd_Cmd:
;__Lib_Lcd.c,18 :: 		
;__Lib_Lcd.c,20 :: 		
0x001A	0x1283      	BCF        STATUS, 5
0x001B	0x1703      	BSF        STATUS, 6
0x001C	0x1BA2      	BTFSC      FARG_Lcd_Cmd_out_char, 7
0x001D	0x2821      	GOTO       L__Lcd_Cmd21
0x001E	0x1303      	BCF        STATUS, 6
0x001F	0x1188      	BCF        LCD_D7, BitPos(LCD_D7+0)
0x0020	0x2823      	GOTO       L__Lcd_Cmd22
L__Lcd_Cmd21:
0x0021	0x1303      	BCF        STATUS, 6
0x0022	0x1588      	BSF        LCD_D7, BitPos(LCD_D7+0)
L__Lcd_Cmd22:
;__Lib_Lcd.c,21 :: 		
0x0023	0x1703      	BSF        STATUS, 6
0x0024	0x1B22      	BTFSC      FARG_Lcd_Cmd_out_char, 6
0x0025	0x2829      	GOTO       L__Lcd_Cmd23
0x0026	0x1303      	BCF        STATUS, 6
0x0027	0x1108      	BCF        LCD_D6, BitPos(LCD_D6+0)
0x0028	0x282B      	GOTO       L__Lcd_Cmd24
L__Lcd_Cmd23:
0x0029	0x1303      	BCF        STATUS, 6
0x002A	0x1508      	BSF        LCD_D6, BitPos(LCD_D6+0)
L__Lcd_Cmd24:
;__Lib_Lcd.c,22 :: 		
0x002B	0x1703      	BSF        STATUS, 6
0x002C	0x1AA2      	BTFSC      FARG_Lcd_Cmd_out_char, 5
0x002D	0x2831      	GOTO       L__Lcd_Cmd25
0x002E	0x1303      	BCF        STATUS, 6
0x002F	0x1088      	BCF        LCD_D5, BitPos(LCD_D5+0)
0x0030	0x2833      	GOTO       L__Lcd_Cmd26
L__Lcd_Cmd25:
0x0031	0x1303      	BCF        STATUS, 6
0x0032	0x1488      	BSF        LCD_D5, BitPos(LCD_D5+0)
L__Lcd_Cmd26:
;__Lib_Lcd.c,23 :: 		
0x0033	0x1703      	BSF        STATUS, 6
0x0034	0x1A22      	BTFSC      FARG_Lcd_Cmd_out_char, 4
0x0035	0x2839      	GOTO       L__Lcd_Cmd27
0x0036	0x1303      	BCF        STATUS, 6
0x0037	0x1008      	BCF        LCD_D4, BitPos(LCD_D4+0)
0x0038	0x283B      	GOTO       L__Lcd_Cmd28
L__Lcd_Cmd27:
0x0039	0x1303      	BCF        STATUS, 6
0x003A	0x1408      	BSF        LCD_D4, BitPos(LCD_D4+0)
L__Lcd_Cmd28:
;__Lib_Lcd.c,25 :: 		
0x003B	0x186E      	BTFSC      __Lib_Lcd_cmd_status, BitPos(__Lib_Lcd_cmd_status+0)
0x003C	0x283F      	GOTO       L__Lcd_Cmd29
0x003D	0x1608      	BSF        LCD_RS, BitPos(LCD_RS+0)
0x003E	0x2840      	GOTO       L__Lcd_Cmd30
L__Lcd_Cmd29:
0x003F	0x1208      	BCF        LCD_RS, BitPos(LCD_RS+0)
L__Lcd_Cmd30:
;__Lib_Lcd.c,28 :: 		
0x0040	0x1688      	BSF        LCD_EN, BitPos(LCD_EN+0)
;__Lib_Lcd.c,29 :: 		
0x0041	0x200A      	CALL       _Delay_1us
;__Lib_Lcd.c,30 :: 		
0x0042	0x1288      	BCF        LCD_EN, BitPos(LCD_EN+0)
;__Lib_Lcd.c,33 :: 		
0x0043	0x1703      	BSF        STATUS, 6
0x0044	0x19A2      	BTFSC      FARG_Lcd_Cmd_out_char, 3
0x0045	0x2849      	GOTO       L__Lcd_Cmd31
0x0046	0x1303      	BCF        STATUS, 6
0x0047	0x1188      	BCF        LCD_D7, BitPos(LCD_D7+0)
0x0048	0x284B      	GOTO       L__Lcd_Cmd32
L__Lcd_Cmd31:
0x0049	0x1303      	BCF        STATUS, 6
0x004A	0x1588      	BSF        LCD_D7, BitPos(LCD_D7+0)
L__Lcd_Cmd32:
;__Lib_Lcd.c,34 :: 		
0x004B	0x1703      	BSF        STATUS, 6
0x004C	0x1922      	BTFSC      FARG_Lcd_Cmd_out_char, 2
0x004D	0x2851      	GOTO       L__Lcd_Cmd33
0x004E	0x1303      	BCF        STATUS, 6
0x004F	0x1108      	BCF        LCD_D6, BitPos(LCD_D6+0)
0x0050	0x2853      	GOTO       L__Lcd_Cmd34
L__Lcd_Cmd33:
0x0051	0x1303      	BCF        STATUS, 6
0x0052	0x1508      	BSF        LCD_D6, BitPos(LCD_D6+0)
L__Lcd_Cmd34:
;__Lib_Lcd.c,35 :: 		
0x0053	0x1703      	BSF        STATUS, 6
0x0054	0x18A2      	BTFSC      FARG_Lcd_Cmd_out_char, 1
0x0055	0x2859      	GOTO       L__Lcd_Cmd35
0x0056	0x1303      	BCF        STATUS, 6
0x0057	0x1088      	BCF        LCD_D5, BitPos(LCD_D5+0)
0x0058	0x285B      	GOTO       L__Lcd_Cmd36
L__Lcd_Cmd35:
0x0059	0x1303      	BCF        STATUS, 6
0x005A	0x1488      	BSF        LCD_D5, BitPos(LCD_D5+0)
L__Lcd_Cmd36:
;__Lib_Lcd.c,36 :: 		
0x005B	0x1703      	BSF        STATUS, 6
0x005C	0x1822      	BTFSC      FARG_Lcd_Cmd_out_char, 0
0x005D	0x2861      	GOTO       L__Lcd_Cmd37
0x005E	0x1303      	BCF        STATUS, 6
0x005F	0x1008      	BCF        LCD_D4, BitPos(LCD_D4+0)
0x0060	0x2863      	GOTO       L__Lcd_Cmd38
L__Lcd_Cmd37:
0x0061	0x1303      	BCF        STATUS, 6
0x0062	0x1408      	BSF        LCD_D4, BitPos(LCD_D4+0)
L__Lcd_Cmd38:
;__Lib_Lcd.c,38 :: 		
0x0063	0x186E      	BTFSC      __Lib_Lcd_cmd_status, BitPos(__Lib_Lcd_cmd_status+0)
0x0064	0x2867      	GOTO       L__Lcd_Cmd39
0x0065	0x1608      	BSF        LCD_RS, BitPos(LCD_RS+0)
0x0066	0x2868      	GOTO       L__Lcd_Cmd40
L__Lcd_Cmd39:
0x0067	0x1208      	BCF        LCD_RS, BitPos(LCD_RS+0)
L__Lcd_Cmd40:
;__Lib_Lcd.c,40 :: 		
0x0068	0x1688      	BSF        LCD_EN, BitPos(LCD_EN+0)
;__Lib_Lcd.c,41 :: 		
0x0069	0x200A      	CALL       _Delay_1us
;__Lib_Lcd.c,42 :: 		
0x006A	0x1288      	BCF        LCD_EN, BitPos(LCD_EN+0)
;__Lib_Lcd.c,44 :: 		
0x006B	0x1C6E      	BTFSS      __Lib_Lcd_cmd_status, BitPos(__Lib_Lcd_cmd_status+0)
0x006C	0x286F      	GOTO       L_Lcd_Cmd0
;__Lib_Lcd.c,45 :: 		
0x006D	0x200D      	CALL       _Delay_5500us
0x006E	0x2870      	GOTO       L_Lcd_Cmd1
L_Lcd_Cmd0:
;__Lib_Lcd.c,47 :: 		
0x006F	0x2003      	CALL       _Delay_50us
L_Lcd_Cmd1:
;__Lib_Lcd.c,48 :: 		
L_end_Lcd_Cmd:
0x0070	0x0008      	RETURN
; end of _Lcd_Cmd
_Lcd_Chr_CP:
;__Lib_Lcd.c,50 :: 		
;__Lib_Lcd.c,52 :: 		
0x0071	0x1283      	BCF        STATUS, 5
0x0072	0x1303      	BCF        STATUS, 6
0x0073	0x106E      	BCF        __Lib_Lcd_cmd_status, BitPos(__Lib_Lcd_cmd_status+0)
;__Lib_Lcd.c,53 :: 		
0x0074	0x1703      	BSF        STATUS, 6
0x0075	0x0821      	MOVF       FARG_Lcd_Chr_CP_out_char, 0
0x0076	0x00A2      	MOVWF      FARG_Lcd_Cmd_out_char
0x0077	0x201A      	CALL       _Lcd_Cmd
;__Lib_Lcd.c,54 :: 		
0x0078	0x146E      	BSF        __Lib_Lcd_cmd_status, BitPos(__Lib_Lcd_cmd_status+0)
;__Lib_Lcd.c,55 :: 		
L_end_Lcd_Chr_CP:
0x0079	0x0008      	RETURN
; end of _Lcd_Chr_CP
_MSdelay:
;coffee.c,6 :: 		void MSdelay(unsigned int val)
;coffee.c,8 :: 		for(i=0;i<val;i++)
0x007A	0x1683      	BSF        STATUS, 5
0x007B	0x1303      	BCF        STATUS, 6
0x007C	0x01EE      	CLRF       _i
0x007D	0x01EF      	CLRF       _i+1
L_MSdelay0:
0x007E	0x1283      	BCF        STATUS, 5
0x007F	0x1703      	BSF        STATUS, 6
0x0080	0x081E      	MOVF       FARG_MSdelay_val+1, 0
0x0081	0x1683      	BSF        STATUS, 5
0x0082	0x1303      	BCF        STATUS, 6
0x0083	0x026F      	SUBWF      _i+1, 0
0x0084	0x1D03      	BTFSS      STATUS, 2
0x0085	0x288C      	GOTO       L__MSdelay17
0x0086	0x1283      	BCF        STATUS, 5
0x0087	0x1703      	BSF        STATUS, 6
0x0088	0x081D      	MOVF       FARG_MSdelay_val, 0
0x0089	0x1683      	BSF        STATUS, 5
0x008A	0x1303      	BCF        STATUS, 6
0x008B	0x026E      	SUBWF      _i, 0
L__MSdelay17:
0x008C	0x1803      	BTFSC      STATUS, 0
0x008D	0x28A4      	GOTO       L_MSdelay1
;coffee.c,9 :: 		for(j=0;j<165;j++);
0x008E	0x1283      	BCF        STATUS, 5
0x008F	0x1703      	BSF        STATUS, 6
0x0090	0x0190      	CLRF       _j
0x0091	0x0191      	CLRF       _j+1
L_MSdelay3:
0x0092	0x3000      	MOVLW      0
0x0093	0x0211      	SUBWF      _j+1, 0
0x0094	0x1D03      	BTFSS      STATUS, 2
0x0095	0x2898      	GOTO       L__MSdelay18
0x0096	0x30A5      	MOVLW      165
0x0097	0x0210      	SUBWF      _j, 0
L__MSdelay18:
0x0098	0x1803      	BTFSC      STATUS, 0
0x0099	0x289E      	GOTO       L_MSdelay4
0x009A	0x0A90      	INCF       _j, 1
0x009B	0x1903      	BTFSC      STATUS, 2
0x009C	0x0A91      	INCF       _j+1, 1
0x009D	0x2892      	GOTO       L_MSdelay3
L_MSdelay4:
;coffee.c,8 :: 		for(i=0;i<val;i++)
0x009E	0x1683      	BSF        STATUS, 5
0x009F	0x1303      	BCF        STATUS, 6
0x00A0	0x0AEE      	INCF       _i, 1
0x00A1	0x1903      	BTFSC      STATUS, 2
0x00A2	0x0AEF      	INCF       _i+1, 1
;coffee.c,9 :: 		for(j=0;j<165;j++);
0x00A3	0x287E      	GOTO       L_MSdelay0
L_MSdelay1:
;coffee.c,10 :: 		}
L_end_MSdelay:
0x00A4	0x0008      	RETURN
; end of _MSdelay
_Div_16X16_U:
;__Lib_Math.c,215 :: 		
;__Lib_Math.c,222 :: 		
0x00A5	0x1283      	BCF        STATUS, 5
;__Lib_Math.c,223 :: 		
0x00A6	0x1303      	BCF        STATUS, 6
;__Lib_Math.c,224 :: 		
0x00A7	0x01F8      	CLRF       R8
;__Lib_Math.c,225 :: 		
0x00A8	0x01F9      	CLRF       R9
;__Lib_Math.c,226 :: 		
0x00A9	0x3010      	MOVLW      16
;__Lib_Math.c,227 :: 		
0x00AA	0x00FC      	MOVWF      R12
;__Lib_Math.c,228 :: 		
0x00AB	0x0D71      	RLF        R1, 0
;__Lib_Math.c,229 :: 		
0x00AC	0x0DF8      	RLF        R8, 1
;__Lib_Math.c,230 :: 		
0x00AD	0x0DF9      	RLF        R9, 1
;__Lib_Math.c,231 :: 		
0x00AE	0x0874      	MOVF       R4, 0
;__Lib_Math.c,232 :: 		
0x00AF	0x02F8      	SUBWF      R8, 1
;__Lib_Math.c,233 :: 		
0x00B0	0x0875      	MOVF       R5, 0
;__Lib_Math.c,234 :: 		
0x00B1	0x1C03      	BTFSS      STATUS, 0
;__Lib_Math.c,235 :: 		
0x00B2	0x0F75      	INCFSZ     R5, 0
;__Lib_Math.c,236 :: 		
0x00B3	0x02F9      	SUBWF      R9, 1
;__Lib_Math.c,237 :: 		
0x00B4	0x1803      	BTFSC      STATUS, 0
;__Lib_Math.c,238 :: 		
0x00B5	0x28BD      	GOTO       $+8
;__Lib_Math.c,239 :: 		
0x00B6	0x0874      	MOVF       R4, 0
;__Lib_Math.c,240 :: 		
0x00B7	0x07F8      	ADDWF      R8, 1
;__Lib_Math.c,241 :: 		
0x00B8	0x0875      	MOVF       R5, 0
;__Lib_Math.c,242 :: 		
0x00B9	0x1803      	BTFSC      STATUS, 0
;__Lib_Math.c,243 :: 		
0x00BA	0x0F75      	INCFSZ     R5, 0
;__Lib_Math.c,244 :: 		
0x00BB	0x07F9      	ADDWF      R9, 1
;__Lib_Math.c,245 :: 		
0x00BC	0x1003      	BCF        STATUS, 0
;__Lib_Math.c,246 :: 		
0x00BD	0x0DF0      	RLF        R0, 1
;__Lib_Math.c,247 :: 		
0x00BE	0x0DF1      	RLF        R1, 1
;__Lib_Math.c,248 :: 		
0x00BF	0x0BFC      	DECFSZ     R12, 1
;__Lib_Math.c,249 :: 		
0x00C0	0x28AB      	GOTO       $-21
;__Lib_Math.c,251 :: 		
L_end_Div_16X16_U:
0x00C1	0x0008      	RETURN
; end of _Div_16X16_U
_Lcd_Out:
;__Lib_Lcd.c,184 :: 		
;__Lib_Lcd.c,187 :: 		
0x00C2	0x28D4      	GOTO       L_Lcd_Out11
;__Lib_Lcd.c,188 :: 		
L_Lcd_Out13:
0x00C3	0x3080      	MOVLW      128
0x00C4	0x1283      	BCF        STATUS, 5
0x00C5	0x1703      	BSF        STATUS, 6
0x00C6	0x009D      	MOVWF      FARG_Lcd_Out_row
0x00C7	0x28E7      	GOTO       L_Lcd_Out12
;__Lib_Lcd.c,189 :: 		
L_Lcd_Out14:
0x00C8	0x30C0      	MOVLW      192
0x00C9	0x009D      	MOVWF      FARG_Lcd_Out_row
0x00CA	0x28E7      	GOTO       L_Lcd_Out12
;__Lib_Lcd.c,190 :: 		
L_Lcd_Out15:
0x00CB	0x3094      	MOVLW      148
0x00CC	0x009D      	MOVWF      FARG_Lcd_Out_row
0x00CD	0x28E7      	GOTO       L_Lcd_Out12
;__Lib_Lcd.c,191 :: 		
L_Lcd_Out16:
0x00CE	0x30D4      	MOVLW      212
0x00CF	0x009D      	MOVWF      FARG_Lcd_Out_row
0x00D0	0x28E7      	GOTO       L_Lcd_Out12
;__Lib_Lcd.c,192 :: 		
L_Lcd_Out17:
0x00D1	0x3080      	MOVLW      128
0x00D2	0x009D      	MOVWF      FARG_Lcd_Out_row
;__Lib_Lcd.c,193 :: 		
0x00D3	0x28E7      	GOTO       L_Lcd_Out12
L_Lcd_Out11:
0x00D4	0x1283      	BCF        STATUS, 5
0x00D5	0x1703      	BSF        STATUS, 6
0x00D6	0x081D      	MOVF       FARG_Lcd_Out_row, 0
0x00D7	0x3A01      	XORLW      1
0x00D8	0x1903      	BTFSC      STATUS, 2
0x00D9	0x28C3      	GOTO       L_Lcd_Out13
0x00DA	0x081D      	MOVF       FARG_Lcd_Out_row, 0
0x00DB	0x3A02      	XORLW      2
0x00DC	0x1903      	BTFSC      STATUS, 2
0x00DD	0x28C8      	GOTO       L_Lcd_Out14
0x00DE	0x081D      	MOVF       FARG_Lcd_Out_row, 0
0x00DF	0x3A03      	XORLW      3
0x00E0	0x1903      	BTFSC      STATUS, 2
0x00E1	0x28CB      	GOTO       L_Lcd_Out15
0x00E2	0x081D      	MOVF       FARG_Lcd_Out_row, 0
0x00E3	0x3A04      	XORLW      4
0x00E4	0x1903      	BTFSC      STATUS, 2
0x00E5	0x28CE      	GOTO       L_Lcd_Out16
0x00E6	0x28D1      	GOTO       L_Lcd_Out17
L_Lcd_Out12:
;__Lib_Lcd.c,194 :: 		
0x00E7	0x031E      	DECF       FARG_Lcd_Out_column, 0
0x00E8	0x00F0      	MOVWF      R0
0x00E9	0x081D      	MOVF       FARG_Lcd_Out_row, 0
0x00EA	0x07F0      	ADDWF      R0, 1
0x00EB	0x0870      	MOVF       R0, 0
0x00EC	0x009D      	MOVWF      FARG_Lcd_Out_row
;__Lib_Lcd.c,196 :: 		
0x00ED	0x0870      	MOVF       R0, 0
0x00EE	0x00A2      	MOVWF      FARG_Lcd_Cmd_out_char
0x00EF	0x201A      	CALL       _Lcd_Cmd
;__Lib_Lcd.c,197 :: 		
0x00F0	0x106E      	BCF        __Lib_Lcd_cmd_status, BitPos(__Lib_Lcd_cmd_status+0)
;__Lib_Lcd.c,198 :: 		
0x00F1	0x1703      	BSF        STATUS, 6
0x00F2	0x01A0      	CLRF       Lcd_Out_i_L0
;__Lib_Lcd.c,199 :: 		
L_Lcd_Out18:
0x00F3	0x0820      	MOVF       Lcd_Out_i_L0, 0
0x00F4	0x071F      	ADDWF      FARG_Lcd_Out_text, 0
0x00F5	0x0084      	MOVWF      FSR
0x00F6	0x0800      	MOVF       INDF, 0
0x00F7	0x1903      	BTFSC      STATUS, 2
0x00F8	0x2902      	GOTO       L_Lcd_Out19
;__Lib_Lcd.c,200 :: 		
0x00F9	0x0820      	MOVF       Lcd_Out_i_L0, 0
0x00FA	0x071F      	ADDWF      FARG_Lcd_Out_text, 0
0x00FB	0x0084      	MOVWF      FSR
0x00FC	0x0800      	MOVF       INDF, 0
0x00FD	0x00A1      	MOVWF      FARG_Lcd_Chr_CP_out_char
0x00FE	0x2071      	CALL       _Lcd_Chr_CP
0x00FF	0x1703      	BSF        STATUS, 6
0x0100	0x0AA0      	INCF       Lcd_Out_i_L0, 1
0x0101	0x28F3      	GOTO       L_Lcd_Out18
L_Lcd_Out19:
;__Lib_Lcd.c,201 :: 		
0x0102	0x1303      	BCF        STATUS, 6
0x0103	0x146E      	BSF        __Lib_Lcd_cmd_status, BitPos(__Lib_Lcd_cmd_status+0)
;__Lib_Lcd.c,202 :: 		
L_end_Lcd_Out:
0x0104	0x0008      	RETURN
; end of _Lcd_Out
_Mul_16X16_U:
;__Lib_Math.c,136 :: 		
;__Lib_Math.c,143 :: 		
0x0105	0x1283      	BCF        STATUS, 5
;__Lib_Math.c,144 :: 		
0x0106	0x1303      	BCF        STATUS, 6
;__Lib_Math.c,145 :: 		
0x0107	0x01FB      	CLRF       R11
;__Lib_Math.c,146 :: 		
0x0108	0x01FA      	CLRF       R10
;__Lib_Math.c,147 :: 		
0x0109	0x01F9      	CLRF       R9
;__Lib_Math.c,148 :: 		
0x010A	0x3080      	MOVLW      128
;__Lib_Math.c,149 :: 		
0x010B	0x00F8      	MOVWF      R8
;__Lib_Math.c,150 :: 		
0x010C	0x0CF1      	RRF        R1, 1
;__Lib_Math.c,151 :: 		
0x010D	0x0CF0      	RRF        R0, 1
;__Lib_Math.c,152 :: 		
0x010E	0x1C03      	BTFSS      STATUS, 0
;__Lib_Math.c,153 :: 		
0x010F	0x2919      	GOTO       $+10
;__Lib_Math.c,154 :: 		
0x0110	0x0874      	MOVF       R4, 0
;__Lib_Math.c,155 :: 		
0x0111	0x07F9      	ADDWF      R9, 1
;__Lib_Math.c,156 :: 		
0x0112	0x0875      	MOVF       R5, 0
;__Lib_Math.c,157 :: 		
0x0113	0x1803      	BTFSC      STATUS, 0
;__Lib_Math.c,158 :: 		
0x0114	0x0F75      	INCFSZ     R5, 0
;__Lib_Math.c,159 :: 		
0x0115	0x07FA      	ADDWF      R10, 1
;__Lib_Math.c,160 :: 		
0x0116	0x1803      	BTFSC      STATUS, 0
;__Lib_Math.c,161 :: 		
0x0117	0x0AFB      	INCF       R11, 1
;__Lib_Math.c,162 :: 		
0x0118	0x1003      	BCF        STATUS, 0
;__Lib_Math.c,163 :: 		
0x0119	0x1FF0      	BTFSS      R0, 7
;__Lib_Math.c,164 :: 		
0x011A	0x2921      	GOTO       $+7
;__Lib_Math.c,165 :: 		
0x011B	0x0874      	MOVF       R4, 0
;__Lib_Math.c,166 :: 		
0x011C	0x07FA      	ADDWF      R10, 1
;__Lib_Math.c,167 :: 		
0x011D	0x0875      	MOVF       R5, 0
;__Lib_Math.c,168 :: 		
0x011E	0x1803      	BTFSC      STATUS, 0
;__Lib_Math.c,169 :: 		
0x011F	0x0F75      	INCFSZ     R5, 0
;__Lib_Math.c,170 :: 		
0x0120	0x07FB      	ADDWF      R11, 1
;__Lib_Math.c,171 :: 		
0x0121	0x0CFB      	RRF        R11, 1
;__Lib_Math.c,172 :: 		
0x0122	0x0CFA      	RRF        R10, 1
;__Lib_Math.c,173 :: 		
0x0123	0x0CF9      	RRF        R9, 1
;__Lib_Math.c,174 :: 		
0x0124	0x0CF8      	RRF        R8, 1
;__Lib_Math.c,175 :: 		
0x0125	0x1C03      	BTFSS      STATUS, 0
;__Lib_Math.c,176 :: 		
0x0126	0x290C      	GOTO       $-26
;__Lib_Math.c,177 :: 		
0x0127	0x087B      	MOVF       R11, 0
;__Lib_Math.c,178 :: 		
0x0128	0x00F3      	MOVWF      R3
;__Lib_Math.c,179 :: 		
0x0129	0x087A      	MOVF       R10, 0
;__Lib_Math.c,180 :: 		
0x012A	0x00F2      	MOVWF      R2
;__Lib_Math.c,181 :: 		
0x012B	0x0879      	MOVF       R9, 0
;__Lib_Math.c,182 :: 		
0x012C	0x00F1      	MOVWF      R1
;__Lib_Math.c,183 :: 		
0x012D	0x0878      	MOVF       R8, 0
;__Lib_Math.c,184 :: 		
0x012E	0x00F0      	MOVWF      R0
;__Lib_Math.c,187 :: 		
L_end_Mul_16X16_U:
0x012F	0x0008      	RETURN
; end of _Mul_16X16_U
_____DoICP:
;__Lib_System.c,6 :: 		
;__Lib_System.c,9 :: 		
0x0130	0x1683      	BSF        STATUS, 5
0x0131	0x1303      	BCF        STATUS, 6
0x0132	0x086D      	MOVF       ___DoICPAddr+1, 0
0x0133	0x008A      	MOVWF      PCLATH
;__Lib_System.c,10 :: 		
0x0134	0x086C      	MOVF       ___DoICPAddr, 0
0x0135	0x0082      	MOVWF      PCL
;__Lib_System.c,12 :: 		
L_end_____DoICP:
0x0136	0x0008      	RETURN
; end of _____DoICP
_enjoy:
;coffee.c,50 :: 		void enjoy(void){
;coffee.c,51 :: 		Lcd_Cmd(_LCD_CLEAR);
0x0137	0x3001      	MOVLW      1
0x0138	0x1283      	BCF        STATUS, 5
0x0139	0x1703      	BSF        STATUS, 6
0x013A	0x00A2      	MOVWF      FARG_Lcd_Cmd_out_char
0x013B	0x201A      	CALL       _Lcd_Cmd
;coffee.c,52 :: 		Lcd_Out(1, 1, "Enjoy :)");
0x013C	0x3001      	MOVLW      1
0x013D	0x1703      	BSF        STATUS, 6
0x013E	0x009D      	MOVWF      FARG_Lcd_Out_row
0x013F	0x3001      	MOVLW      1
0x0140	0x009E      	MOVWF      FARG_Lcd_Out_column
0x0141	0x302A      	MOVLW      ?lstr2_coffee
0x0142	0x009F      	MOVWF      FARG_Lcd_Out_text
0x0143	0x20C2      	CALL       _Lcd_Out
;coffee.c,53 :: 		MSdelay(5000);
0x0144	0x3088      	MOVLW      136
0x0145	0x1703      	BSF        STATUS, 6
0x0146	0x009D      	MOVWF      FARG_MSdelay_val
0x0147	0x3013      	MOVLW      19
0x0148	0x009E      	MOVWF      FARG_MSdelay_val+1
0x0149	0x207A      	CALL       _MSdelay
;coffee.c,54 :: 		}
L_end_enjoy:
0x014A	0x0008      	RETURN
; end of _enjoy
_pour:
;coffee.c,40 :: 		void pour(void){
;coffee.c,42 :: 		MSdelay(3500);
0x014B	0x30AC      	MOVLW      172
0x014C	0x1283      	BCF        STATUS, 5
0x014D	0x1703      	BSF        STATUS, 6
0x014E	0x009D      	MOVWF      FARG_MSdelay_val
0x014F	0x300D      	MOVLW      13
0x0150	0x009E      	MOVWF      FARG_MSdelay_val+1
0x0151	0x207A      	CALL       _MSdelay
;coffee.c,43 :: 		Lcd_Cmd(_LCD_CLEAR);
0x0152	0x3001      	MOVLW      1
0x0153	0x1283      	BCF        STATUS, 5
0x0154	0x1703      	BSF        STATUS, 6
0x0155	0x00A2      	MOVWF      FARG_Lcd_Cmd_out_char
0x0156	0x201A      	CALL       _Lcd_Cmd
;coffee.c,44 :: 		Lcd_Out(1, 1, "Pouring..");
0x0157	0x3001      	MOVLW      1
0x0158	0x1703      	BSF        STATUS, 6
0x0159	0x009D      	MOVWF      FARG_Lcd_Out_row
0x015A	0x3001      	MOVLW      1
0x015B	0x009E      	MOVWF      FARG_Lcd_Out_column
0x015C	0x3020      	MOVLW      ?lstr1_coffee
0x015D	0x009F      	MOVWF      FARG_Lcd_Out_text
0x015E	0x20C2      	CALL       _Lcd_Out
;coffee.c,45 :: 		PORTB = 0b00000010;
0x015F	0x3002      	MOVLW      2
0x0160	0x0086      	MOVWF      PORTB
;coffee.c,46 :: 		MSdelay(60000);
0x0161	0x3060      	MOVLW      96
0x0162	0x1703      	BSF        STATUS, 6
0x0163	0x009D      	MOVWF      FARG_MSdelay_val
0x0164	0x30EA      	MOVLW      234
0x0165	0x009E      	MOVWF      FARG_MSdelay_val+1
0x0166	0x207A      	CALL       _MSdelay
;coffee.c,47 :: 		PORTB = 0b00000000;
0x0167	0x1283      	BCF        STATUS, 5
0x0168	0x0186      	CLRF       PORTB
;coffee.c,48 :: 		}
L_end_pour:
0x0169	0x0008      	RETURN
; end of _pour
_WordToStr:
;__Lib_Conversions.c,98 :: 		
;__Lib_Conversions.c,103 :: 		
0x016A	0x1283      	BCF        STATUS, 5
0x016B	0x1703      	BSF        STATUS, 6
0x016C	0x019B      	CLRF       WordToStr_len_L0
L_WordToStr11:
0x016D	0x3005      	MOVLW      5
0x016E	0x021B      	SUBWF      WordToStr_len_L0, 0
0x016F	0x1803      	BTFSC      STATUS, 0
0x0170	0x2978      	GOTO       L_WordToStr12
;__Lib_Conversions.c,104 :: 		
0x0171	0x081B      	MOVF       WordToStr_len_L0, 0
0x0172	0x071A      	ADDWF      FARG_WordToStr_output, 0
0x0173	0x0084      	MOVWF      FSR
0x0174	0x3020      	MOVLW      32
0x0175	0x0080      	MOVWF      INDF
;__Lib_Conversions.c,103 :: 		
0x0176	0x0A9B      	INCF       WordToStr_len_L0, 1
;__Lib_Conversions.c,104 :: 		
0x0177	0x296D      	GOTO       L_WordToStr11
L_WordToStr12:
;__Lib_Conversions.c,105 :: 		
0x0178	0x081B      	MOVF       WordToStr_len_L0, 0
0x0179	0x071A      	ADDWF      FARG_WordToStr_output, 0
0x017A	0x0084      	MOVWF      FSR
0x017B	0x0180      	CLRF       INDF
0x017C	0x039B      	DECF       WordToStr_len_L0, 1
;__Lib_Conversions.c,107 :: 		
L_WordToStr14:
;__Lib_Conversions.c,108 :: 		
0x017D	0x081B      	MOVF       WordToStr_len_L0, 0
0x017E	0x071A      	ADDWF      FARG_WordToStr_output, 0
0x017F	0x009C      	MOVWF      FLOC__WordToStr
0x0180	0x300A      	MOVLW      10
0x0181	0x00F4      	MOVWF      R4
0x0182	0x01F5      	CLRF       R4+1
0x0183	0x0818      	MOVF       FARG_WordToStr_input, 0
0x0184	0x00F0      	MOVWF      R0
0x0185	0x0819      	MOVF       FARG_WordToStr_input+1, 0
0x0186	0x00F1      	MOVWF      R0+1
0x0187	0x20A5      	CALL       _Div_16X16_U
0x0188	0x0878      	MOVF       R8, 0
0x0189	0x00F0      	MOVWF      R0
0x018A	0x0879      	MOVF       R8+1, 0
0x018B	0x00F1      	MOVWF      R0+1
0x018C	0x3030      	MOVLW      48
0x018D	0x07F0      	ADDWF      R0, 1
0x018E	0x1703      	BSF        STATUS, 6
0x018F	0x081C      	MOVF       FLOC__WordToStr, 0
0x0190	0x0084      	MOVWF      FSR
0x0191	0x0870      	MOVF       R0, 0
0x0192	0x0080      	MOVWF      INDF
;__Lib_Conversions.c,109 :: 		
0x0193	0x300A      	MOVLW      10
0x0194	0x00F4      	MOVWF      R4
0x0195	0x01F5      	CLRF       R4+1
0x0196	0x0818      	MOVF       FARG_WordToStr_input, 0
0x0197	0x00F0      	MOVWF      R0
0x0198	0x0819      	MOVF       FARG_WordToStr_input+1, 0
0x0199	0x00F1      	MOVWF      R0+1
0x019A	0x20A5      	CALL       _Div_16X16_U
0x019B	0x0870      	MOVF       R0, 0
0x019C	0x1703      	BSF        STATUS, 6
0x019D	0x0098      	MOVWF      FARG_WordToStr_input
0x019E	0x0871      	MOVF       R0+1, 0
0x019F	0x0099      	MOVWF      FARG_WordToStr_input+1
;__Lib_Conversions.c,110 :: 		
0x01A0	0x3000      	MOVLW      0
0x01A1	0x0671      	XORWF      R0+1, 0
0x01A2	0x1D03      	BTFSS      STATUS, 2
0x01A3	0x29A6      	GOTO       L__WordToStr379
0x01A4	0x3000      	MOVLW      0
0x01A5	0x0670      	XORWF      R0, 0
L__WordToStr379:
0x01A6	0x1D03      	BTFSS      STATUS, 2
0x01A7	0x29A9      	GOTO       L_WordToStr16
;__Lib_Conversions.c,111 :: 		
0x01A8	0x29AB      	GOTO       L_WordToStr15
L_WordToStr16:
;__Lib_Conversions.c,112 :: 		
0x01A9	0x039B      	DECF       WordToStr_len_L0, 1
;__Lib_Conversions.c,113 :: 		
0x01AA	0x297D      	GOTO       L_WordToStr14
L_WordToStr15:
;__Lib_Conversions.c,114 :: 		
L_end_WordToStr:
0x01AB	0x0008      	RETURN
; end of _WordToStr
_read_temp:
;coffee.c,19 :: 		unsigned int read_temp(void){
;coffee.c,21 :: 		ADCON0 = ADCON0 | 0x04;
0x01AC	0x1283      	BCF        STATUS, 5
0x01AD	0x1303      	BCF        STATUS, 6
0x01AE	0x151F      	BSF        ADCON0, 2
;coffee.c,22 :: 		while( ADCON0 & 0x04);
L_read_temp6:
0x01AF	0x1D1F      	BTFSS      ADCON0, 2
0x01B0	0x29B2      	GOTO       L_read_temp7
0x01B1	0x29AF      	GOTO       L_read_temp6
L_read_temp7:
;coffee.c,23 :: 		read=(ADRESH<<8)| ADRESL;
0x01B2	0x081E      	MOVF       ADRESH, 0
0x01B3	0x00F1      	MOVWF      R0+1
0x01B4	0x01F0      	CLRF       R0
0x01B5	0x1683      	BSF        STATUS, 5
0x01B6	0x081E      	MOVF       ADRESL, 0
0x01B7	0x04F0      	IORWF      R0, 1
0x01B8	0x3000      	MOVLW      0
0x01B9	0x04F1      	IORWF      R0+1, 1
;coffee.c,24 :: 		return (read*500)/1023;
0x01BA	0x30F4      	MOVLW      244
0x01BB	0x00F4      	MOVWF      R4
0x01BC	0x3001      	MOVLW      1
0x01BD	0x00F5      	MOVWF      R4+1
0x01BE	0x2105      	CALL       _Mul_16X16_U
0x01BF	0x30FF      	MOVLW      255
0x01C0	0x00F4      	MOVWF      R4
0x01C1	0x3003      	MOVLW      3
0x01C2	0x00F5      	MOVWF      R4+1
0x01C3	0x20A5      	CALL       _Div_16X16_U
;coffee.c,25 :: 		}
L_end_read_temp:
0x01C4	0x0008      	RETURN
; end of _read_temp
___CC2DW:
;__Lib_System.c,134 :: 		
;__Lib_System.c,137 :: 		
_CC2D_Loop1:
;__Lib_System.c,139 :: 		
0x01C5	0x2130      	CALL       _____DoICP
0x01C6	0x118A      	BCF        PCLATH, 3
0x01C7	0x120A      	BCF        PCLATH, 4
;__Lib_System.c,141 :: 		
0x01C8	0x0080      	MOVWF      INDF
;__Lib_System.c,142 :: 		
0x01C9	0x0A84      	INCF       FSR, 1
;__Lib_System.c,143 :: 		
0x01CA	0x0AEC      	INCF       ___DoICPAddr, 1
;__Lib_System.c,145 :: 		
0x01CB	0x1903      	BTFSC      STATUS, 2
;__Lib_System.c,146 :: 		
0x01CC	0x0AED      	INCF       ___DoICPAddr+1, 1
;__Lib_System.c,147 :: 		
0x01CD	0x03F0      	DECF       R0, 1
;__Lib_System.c,149 :: 		
0x01CE	0x1D03      	BTFSS      STATUS, 2
;__Lib_System.c,150 :: 		
0x01CF	0x29C5      	GOTO       _CC2D_Loop1
;__Lib_System.c,152 :: 		
L_end___CC2DW:
0x01D0	0x0008      	RETURN
; end of ___CC2DW
_Lcd_Init:
;__Lib_Lcd.c,84 :: 		
;__Lib_Lcd.c,86 :: 		
0x01D1	0x1683      	BSF        STATUS, 5
0x01D2	0x1303      	BCF        STATUS, 6
0x01D3	0x1288      	BCF        LCD_EN_Direction, BitPos(LCD_EN_Direction+0)
;__Lib_Lcd.c,87 :: 		
0x01D4	0x1208      	BCF        LCD_RS_Direction, BitPos(LCD_RS_Direction+0)
;__Lib_Lcd.c,88 :: 		
0x01D5	0x1008      	BCF        LCD_D4_Direction, BitPos(LCD_D4_Direction+0)
;__Lib_Lcd.c,89 :: 		
0x01D6	0x1088      	BCF        LCD_D5_Direction, BitPos(LCD_D5_Direction+0)
;__Lib_Lcd.c,90 :: 		
0x01D7	0x1108      	BCF        LCD_D6_Direction, BitPos(LCD_D6_Direction+0)
;__Lib_Lcd.c,91 :: 		
0x01D8	0x1188      	BCF        LCD_D7_Direction, BitPos(LCD_D7_Direction+0)
;__Lib_Lcd.c,93 :: 		
0x01D9	0x1283      	BCF        STATUS, 5
0x01DA	0x1288      	BCF        LCD_EN, BitPos(LCD_EN+0)
;__Lib_Lcd.c,94 :: 		
0x01DB	0x1208      	BCF        LCD_RS, BitPos(LCD_RS+0)
;__Lib_Lcd.c,95 :: 		
0x01DC	0x1188      	BCF        LCD_D7, BitPos(LCD_D7+0)
;__Lib_Lcd.c,96 :: 		
0x01DD	0x1108      	BCF        LCD_D6, BitPos(LCD_D6+0)
;__Lib_Lcd.c,97 :: 		
0x01DE	0x1088      	BCF        LCD_D5, BitPos(LCD_D5+0)
;__Lib_Lcd.c,98 :: 		
0x01DF	0x1008      	BCF        LCD_D4, BitPos(LCD_D4+0)
;__Lib_Lcd.c,100 :: 		
0x01E0	0x200D      	CALL       _Delay_5500us
;__Lib_Lcd.c,101 :: 		
0x01E1	0x200D      	CALL       _Delay_5500us
;__Lib_Lcd.c,102 :: 		
0x01E2	0x200D      	CALL       _Delay_5500us
;__Lib_Lcd.c,105 :: 		
0x01E3	0x1488      	BSF        LCD_D5, BitPos(LCD_D5+0)
;__Lib_Lcd.c,106 :: 		
0x01E4	0x1408      	BSF        LCD_D4, BitPos(LCD_D4+0)
;__Lib_Lcd.c,107 :: 		
0x01E5	0x1688      	BSF        LCD_EN, BitPos(LCD_EN+0)
;__Lib_Lcd.c,108 :: 		
0x01E6	0x200A      	CALL       _Delay_1us
;__Lib_Lcd.c,109 :: 		
0x01E7	0x1288      	BCF        LCD_EN, BitPos(LCD_EN+0)
;__Lib_Lcd.c,110 :: 		
0x01E8	0x200D      	CALL       _Delay_5500us
;__Lib_Lcd.c,112 :: 		
0x01E9	0x1688      	BSF        LCD_EN, BitPos(LCD_EN+0)
;__Lib_Lcd.c,113 :: 		
0x01EA	0x200A      	CALL       _Delay_1us
;__Lib_Lcd.c,114 :: 		
0x01EB	0x1288      	BCF        LCD_EN, BitPos(LCD_EN+0)
;__Lib_Lcd.c,115 :: 		
0x01EC	0x200D      	CALL       _Delay_5500us
;__Lib_Lcd.c,117 :: 		
0x01ED	0x1688      	BSF        LCD_EN, BitPos(LCD_EN+0)
;__Lib_Lcd.c,118 :: 		
0x01EE	0x200A      	CALL       _Delay_1us
;__Lib_Lcd.c,119 :: 		
0x01EF	0x1288      	BCF        LCD_EN, BitPos(LCD_EN+0)
;__Lib_Lcd.c,120 :: 		
0x01F0	0x200D      	CALL       _Delay_5500us
;__Lib_Lcd.c,123 :: 		
0x01F1	0x1008      	BCF        LCD_D4, BitPos(LCD_D4+0)
;__Lib_Lcd.c,124 :: 		
0x01F2	0x1688      	BSF        LCD_EN, BitPos(LCD_EN+0)
;__Lib_Lcd.c,125 :: 		
0x01F3	0x200A      	CALL       _Delay_1us
;__Lib_Lcd.c,126 :: 		
0x01F4	0x1288      	BCF        LCD_EN, BitPos(LCD_EN+0)
;__Lib_Lcd.c,127 :: 		
0x01F5	0x200D      	CALL       _Delay_5500us
;__Lib_Lcd.c,130 :: 		
0x01F6	0x1688      	BSF        LCD_EN, BitPos(LCD_EN+0)
;__Lib_Lcd.c,131 :: 		
0x01F7	0x200A      	CALL       _Delay_1us
;__Lib_Lcd.c,132 :: 		
0x01F8	0x1288      	BCF        LCD_EN, BitPos(LCD_EN+0)
;__Lib_Lcd.c,134 :: 		
0x01F9	0x1088      	BCF        LCD_D5, BitPos(LCD_D5+0)
;__Lib_Lcd.c,135 :: 		
0x01FA	0x1588      	BSF        LCD_D7, BitPos(LCD_D7+0)
;__Lib_Lcd.c,136 :: 		
0x01FB	0x1688      	BSF        LCD_EN, BitPos(LCD_EN+0)
;__Lib_Lcd.c,137 :: 		
0x01FC	0x200A      	CALL       _Delay_1us
;__Lib_Lcd.c,138 :: 		
0x01FD	0x1288      	BCF        LCD_EN, BitPos(LCD_EN+0)
;__Lib_Lcd.c,139 :: 		
0x01FE	0x200D      	CALL       _Delay_5500us
;__Lib_Lcd.c,142 :: 		
0x01FF	0x1188      	BCF        LCD_D7, BitPos(LCD_D7+0)
;__Lib_Lcd.c,143 :: 		
0x0200	0x1408      	BSF        LCD_D4, BitPos(LCD_D4+0)
;__Lib_Lcd.c,144 :: 		
0x0201	0x1688      	BSF        LCD_EN, BitPos(LCD_EN+0)
;__Lib_Lcd.c,145 :: 		
0x0202	0x200A      	CALL       _Delay_1us
;__Lib_Lcd.c,146 :: 		
0x0203	0x1288      	BCF        LCD_EN, BitPos(LCD_EN+0)
;__Lib_Lcd.c,148 :: 		
0x0204	0x1008      	BCF        LCD_D4, BitPos(LCD_D4+0)
;__Lib_Lcd.c,149 :: 		
0x0205	0x1688      	BSF        LCD_EN, BitPos(LCD_EN+0)
;__Lib_Lcd.c,150 :: 		
0x0206	0x200A      	CALL       _Delay_1us
;__Lib_Lcd.c,151 :: 		
0x0207	0x1288      	BCF        LCD_EN, BitPos(LCD_EN+0)
;__Lib_Lcd.c,152 :: 		
0x0208	0x200D      	CALL       _Delay_5500us
;__Lib_Lcd.c,155 :: 		
0x0209	0x1688      	BSF        LCD_EN, BitPos(LCD_EN+0)
;__Lib_Lcd.c,156 :: 		
0x020A	0x200A      	CALL       _Delay_1us
;__Lib_Lcd.c,157 :: 		
0x020B	0x1288      	BCF        LCD_EN, BitPos(LCD_EN+0)
;__Lib_Lcd.c,159 :: 		
0x020C	0x1408      	BSF        LCD_D4, BitPos(LCD_D4+0)
;__Lib_Lcd.c,160 :: 		
0x020D	0x1688      	BSF        LCD_EN, BitPos(LCD_EN+0)
;__Lib_Lcd.c,161 :: 		
0x020E	0x200A      	CALL       _Delay_1us
;__Lib_Lcd.c,162 :: 		
0x020F	0x1288      	BCF        LCD_EN, BitPos(LCD_EN+0)
;__Lib_Lcd.c,163 :: 		
0x0210	0x200D      	CALL       _Delay_5500us
;__Lib_Lcd.c,166 :: 		
0x0211	0x1008      	BCF        LCD_D4, BitPos(LCD_D4+0)
;__Lib_Lcd.c,167 :: 		
0x0212	0x1688      	BSF        LCD_EN, BitPos(LCD_EN+0)
;__Lib_Lcd.c,168 :: 		
0x0213	0x200A      	CALL       _Delay_1us
;__Lib_Lcd.c,169 :: 		
0x0214	0x1288      	BCF        LCD_EN, BitPos(LCD_EN+0)
;__Lib_Lcd.c,171 :: 		
0x0215	0x1588      	BSF        LCD_D7, BitPos(LCD_D7+0)
;__Lib_Lcd.c,172 :: 		
0x0216	0x1508      	BSF        LCD_D6, BitPos(LCD_D6+0)
;__Lib_Lcd.c,173 :: 		
0x0217	0x1488      	BSF        LCD_D5, BitPos(LCD_D5+0)
;__Lib_Lcd.c,174 :: 		
0x0218	0x1408      	BSF        LCD_D4, BitPos(LCD_D4+0)
;__Lib_Lcd.c,175 :: 		
0x0219	0x1688      	BSF        LCD_EN, BitPos(LCD_EN+0)
;__Lib_Lcd.c,176 :: 		
0x021A	0x200A      	CALL       _Delay_1us
;__Lib_Lcd.c,177 :: 		
0x021B	0x1288      	BCF        LCD_EN, BitPos(LCD_EN+0)
;__Lib_Lcd.c,179 :: 		
0x021C	0x200D      	CALL       _Delay_5500us
;__Lib_Lcd.c,181 :: 		
0x021D	0x146E      	BSF        __Lib_Lcd_cmd_status, BitPos(__Lib_Lcd_cmd_status+0)
;__Lib_Lcd.c,182 :: 		
L_end_Lcd_Init:
0x021E	0x0008      	RETURN
; end of _Lcd_Init
_PMW_init:
;coffee.c,27 :: 		void PMW_init(void){
;coffee.c,29 :: 		T2CON = 0b00000101;  // TMR2ON = 1, T2CKPS1 = 0, T2CKPS0 = 1 (prescaler 4)
0x021F	0x3005      	MOVLW      5
0x0220	0x1283      	BCF        STATUS, 5
0x0221	0x1303      	BCF        STATUS, 6
0x0222	0x0092      	MOVWF      T2CON
;coffee.c,30 :: 		PR2 = 249;           // PR2 value for 5 kHz PWM frequency
0x0223	0x30F9      	MOVLW      249
0x0224	0x1683      	BSF        STATUS, 5
0x0225	0x0092      	MOVWF      PR2
;coffee.c,33 :: 		CCPR1L = 0;
0x0226	0x1283      	BCF        STATUS, 5
0x0227	0x0195      	CLRF       CCPR1L
;coffee.c,34 :: 		CCP1CON = 0b00001100;  // PWM mode
0x0228	0x300C      	MOVLW      12
0x0229	0x0097      	MOVWF      CCP1CON
;coffee.c,36 :: 		CCPR2L = 0;
0x022A	0x019B      	CLRF       CCPR2L
;coffee.c,37 :: 		CCP2CON = 0b00001100;  // PWM mode
0x022B	0x300C      	MOVLW      12
0x022C	0x009D      	MOVWF      CCP2CON
;coffee.c,38 :: 		}
L_end_PMW_init:
0x022D	0x0008      	RETURN
; end of _PMW_init
_ADC_init:
;coffee.c,12 :: 		void ADC_init(void){
;coffee.c,13 :: 		ADCON1=0xCE;
0x022E	0x30CE      	MOVLW      206
0x022F	0x1683      	BSF        STATUS, 5
0x0230	0x1303      	BCF        STATUS, 6
0x0231	0x009F      	MOVWF      ADCON1
;coffee.c,14 :: 		ADCON0= 0x41;
0x0232	0x3041      	MOVLW      65
0x0233	0x1283      	BCF        STATUS, 5
0x0234	0x009F      	MOVWF      ADCON0
;coffee.c,15 :: 		TRISA=0x01;
0x0235	0x3001      	MOVLW      1
0x0236	0x1683      	BSF        STATUS, 5
0x0237	0x0085      	MOVWF      TRISA
;coffee.c,17 :: 		}
L_end_ADC_init:
0x0238	0x0008      	RETURN
; end of _ADC_init
_main:
0x0239	0x23DE      	CALL       990
;coffee.c,76 :: 		void main() {
;coffee.c,77 :: 		TRISB=0x00;
0x023A	0x1683      	BSF        STATUS, 5
0x023B	0x1303      	BCF        STATUS, 6
0x023C	0x0186      	CLRF       TRISB
;coffee.c,78 :: 		TRISC=0x00;
0x023D	0x0187      	CLRF       TRISC
;coffee.c,79 :: 		TRISD=0x00;
0x023E	0x0188      	CLRF       TRISD
;coffee.c,80 :: 		TRISE=0b011;
0x023F	0x3003      	MOVLW      3
0x0240	0x0089      	MOVWF      TRISE
;coffee.c,81 :: 		ADC_init();
0x0241	0x222E      	CALL       _ADC_init
;coffee.c,83 :: 		PORTB=0x00;
0x0242	0x1283      	BCF        STATUS, 5
0x0243	0x0186      	CLRF       PORTB
;coffee.c,84 :: 		PORTC=0x00;
0x0244	0x0187      	CLRF       PORTC
;coffee.c,85 :: 		PORTD=0x00;
0x0245	0x0188      	CLRF       PORTD
;coffee.c,86 :: 		Lcd_Init();   // Initialize LCD module
0x0246	0x21D1      	CALL       _Lcd_Init
;coffee.c,87 :: 		PMW_init();
0x0247	0x221F      	CALL       _PMW_init
;coffee.c,88 :: 		PORTE=0b000;
0x0248	0x0189      	CLRF       PORTE
;coffee.c,89 :: 		Lcd_Cmd(_LCD_CURSOR_OFF); // Turn off the cursor
0x0249	0x300C      	MOVLW      12
0x024A	0x1703      	BSF        STATUS, 6
0x024B	0x00A2      	MOVWF      FARG_Lcd_Cmd_out_char
0x024C	0x201A      	CALL       _Lcd_Cmd
;coffee.c,91 :: 		while (1) {
L_main8:
0x024D	0x1283      	BCF        STATUS, 5
;coffee.c,92 :: 		MSdelay(200);
0x024E	0x30C8      	MOVLW      200
0x024F	0x1703      	BSF        STATUS, 6
0x0250	0x009D      	MOVWF      FARG_MSdelay_val
0x0251	0x019E      	CLRF       FARG_MSdelay_val+1
0x0252	0x207A      	CALL       _MSdelay
;coffee.c,93 :: 		Lcd_Cmd(_LCD_CLEAR);
0x0253	0x3001      	MOVLW      1
0x0254	0x1283      	BCF        STATUS, 5
0x0255	0x1703      	BSF        STATUS, 6
0x0256	0x00A2      	MOVWF      FARG_Lcd_Cmd_out_char
0x0257	0x201A      	CALL       _Lcd_Cmd
;coffee.c,94 :: 		Lcd_Out(1, 1, "Select a drink");
0x0258	0x3001      	MOVLW      1
0x0259	0x1703      	BSF        STATUS, 6
0x025A	0x009D      	MOVWF      FARG_Lcd_Out_row
0x025B	0x3001      	MOVLW      1
0x025C	0x009E      	MOVWF      FARG_Lcd_Out_column
0x025D	0x30DD      	MOVLW      ?lstr3_coffee
0x025E	0x009F      	MOVWF      FARG_Lcd_Out_text
0x025F	0x20C2      	CALL       _Lcd_Out
;coffee.c,96 :: 		if (PORTE == 0b001) {  // If button on RD2 is pressed
0x0260	0x0809      	MOVF       PORTE, 0
0x0261	0x3A01      	XORLW      1
0x0262	0x1D03      	BTFSS      STATUS, 2
0x0263	0x2AC9      	GOTO       L_main10
;coffee.c,97 :: 		Lcd_Cmd(_LCD_CLEAR);
0x0264	0x3001      	MOVLW      1
0x0265	0x1703      	BSF        STATUS, 6
0x0266	0x00A2      	MOVWF      FARG_Lcd_Cmd_out_char
0x0267	0x201A      	CALL       _Lcd_Cmd
;coffee.c,98 :: 		Lcd_Cmd(_LCD_CURSOR_OFF); // Turn off the cursor
0x0268	0x300C      	MOVLW      12
0x0269	0x1703      	BSF        STATUS, 6
0x026A	0x00A2      	MOVWF      FARG_Lcd_Cmd_out_char
0x026B	0x201A      	CALL       _Lcd_Cmd
;coffee.c,99 :: 		Lcd_Out(1, 1, "Preparing..");
0x026C	0x3001      	MOVLW      1
0x026D	0x1703      	BSF        STATUS, 6
0x026E	0x009D      	MOVWF      FARG_Lcd_Out_row
0x026F	0x3001      	MOVLW      1
0x0270	0x009E      	MOVWF      FARG_Lcd_Out_column
0x0271	0x30D1      	MOVLW      ?lstr4_coffee
0x0272	0x009F      	MOVWF      FARG_Lcd_Out_text
0x0273	0x20C2      	CALL       _Lcd_Out
;coffee.c,102 :: 		CCPR2L = 249;  // Turn on motor 1
0x0274	0x30F9      	MOVLW      249
0x0275	0x009B      	MOVWF      CCPR2L
;coffee.c,103 :: 		MSdelay(6500);   // for a certain amount time  (test it)
0x0276	0x3064      	MOVLW      100
0x0277	0x1703      	BSF        STATUS, 6
0x0278	0x009D      	MOVWF      FARG_MSdelay_val
0x0279	0x3019      	MOVLW      25
0x027A	0x009E      	MOVWF      FARG_MSdelay_val+1
0x027B	0x207A      	CALL       _MSdelay
;coffee.c,104 :: 		CCPR2L = 0;      // turn off the motor
0x027C	0x1283      	BCF        STATUS, 5
0x027D	0x019B      	CLRF       CCPR2L
;coffee.c,105 :: 		Lcd_Cmd(_LCD_CLEAR);
0x027E	0x3001      	MOVLW      1
0x027F	0x1703      	BSF        STATUS, 6
0x0280	0x00A2      	MOVWF      FARG_Lcd_Cmd_out_char
0x0281	0x201A      	CALL       _Lcd_Cmd
;coffee.c,108 :: 		Lcd_Out(1,1,"Checking temp");
0x0282	0x3001      	MOVLW      1
0x0283	0x1703      	BSF        STATUS, 6
0x0284	0x009D      	MOVWF      FARG_Lcd_Out_row
0x0285	0x3001      	MOVLW      1
0x0286	0x009E      	MOVWF      FARG_Lcd_Out_column
0x0287	0x30C3      	MOVLW      ?lstr5_coffee
0x0288	0x009F      	MOVWF      FARG_Lcd_Out_text
0x0289	0x20C2      	CALL       _Lcd_Out
;coffee.c,109 :: 		temp= read_temp();  // initial reading of the temperature
0x028A	0x21AC      	CALL       _read_temp
0x028B	0x0870      	MOVF       R0, 0
0x028C	0x00EF      	MOVWF      _temp
;coffee.c,110 :: 		Lcd_Cmd(_LCD_CLEAR);
0x028D	0x3001      	MOVLW      1
0x028E	0x1703      	BSF        STATUS, 6
0x028F	0x00A2      	MOVWF      FARG_Lcd_Cmd_out_char
0x0290	0x201A      	CALL       _Lcd_Cmd
;coffee.c,111 :: 		Lcd_Out(1,1,"The temp is:");
0x0291	0x3001      	MOVLW      1
0x0292	0x1703      	BSF        STATUS, 6
0x0293	0x009D      	MOVWF      FARG_Lcd_Out_row
0x0294	0x3001      	MOVLW      1
0x0295	0x009E      	MOVWF      FARG_Lcd_Out_column
0x0296	0x3040      	MOVLW      ?lstr6_coffee
0x0297	0x009F      	MOVWF      FARG_Lcd_Out_text
0x0298	0x20C2      	CALL       _Lcd_Out
;coffee.c,112 :: 		WordToStr(temp,temp_val);
0x0299	0x086F      	MOVF       _temp, 0
0x029A	0x1703      	BSF        STATUS, 6
0x029B	0x0098      	MOVWF      FARG_WordToStr_input
0x029C	0x0199      	CLRF       FARG_WordToStr_input+1
0x029D	0x3012      	MOVLW      _temp_val
0x029E	0x009A      	MOVWF      FARG_WordToStr_output
0x029F	0x216A      	CALL       _WordToStr
;coffee.c,113 :: 		Lcd_Out(2,1,temp_val);
0x02A0	0x3002      	MOVLW      2
0x02A1	0x009D      	MOVWF      FARG_Lcd_Out_row
0x02A2	0x3001      	MOVLW      1
0x02A3	0x009E      	MOVWF      FARG_Lcd_Out_column
0x02A4	0x3012      	MOVLW      _temp_val
0x02A5	0x009F      	MOVWF      FARG_Lcd_Out_text
0x02A6	0x20C2      	CALL       _Lcd_Out
;coffee.c,114 :: 		MSdelay(3000);
0x02A7	0x30B8      	MOVLW      184
0x02A8	0x1703      	BSF        STATUS, 6
0x02A9	0x009D      	MOVWF      FARG_MSdelay_val
0x02AA	0x300B      	MOVLW      11
0x02AB	0x009E      	MOVWF      FARG_MSdelay_val+1
0x02AC	0x207A      	CALL       _MSdelay
;coffee.c,115 :: 		Lcd_Cmd(_LCD_CLEAR);
0x02AD	0x3001      	MOVLW      1
0x02AE	0x1283      	BCF        STATUS, 5
0x02AF	0x1703      	BSF        STATUS, 6
0x02B0	0x00A2      	MOVWF      FARG_Lcd_Cmd_out_char
0x02B1	0x201A      	CALL       _Lcd_Cmd
;coffee.c,117 :: 		if(temp>15){
0x02B2	0x086F      	MOVF       _temp, 0
0x02B3	0x3C0F      	SUBLW      15
0x02B4	0x1803      	BTFSC      STATUS, 0
0x02B5	0x2ABF      	GOTO       L_main11
;coffee.c,118 :: 		Lcd_Out(1,1,"Add ice");
0x02B6	0x3001      	MOVLW      1
0x02B7	0x1703      	BSF        STATUS, 6
0x02B8	0x009D      	MOVWF      FARG_Lcd_Out_row
0x02B9	0x3001      	MOVLW      1
0x02BA	0x009E      	MOVWF      FARG_Lcd_Out_column
0x02BB	0x3066      	MOVLW      ?lstr7_coffee
0x02BC	0x009F      	MOVWF      FARG_Lcd_Out_text
0x02BD	0x20C2      	CALL       _Lcd_Out
;coffee.c,119 :: 		}else{
0x02BE	0x2AC7      	GOTO       L_main12
L_main11:
;coffee.c,120 :: 		Lcd_Out(1,1,"Perfect temp");
0x02BF	0x3001      	MOVLW      1
0x02C0	0x1703      	BSF        STATUS, 6
0x02C1	0x009D      	MOVWF      FARG_Lcd_Out_row
0x02C2	0x3001      	MOVLW      1
0x02C3	0x009E      	MOVWF      FARG_Lcd_Out_column
0x02C4	0x3059      	MOVLW      ?lstr8_coffee
0x02C5	0x009F      	MOVWF      FARG_Lcd_Out_text
0x02C6	0x20C2      	CALL       _Lcd_Out
;coffee.c,121 :: 		}
L_main12:
;coffee.c,122 :: 		pour();
0x02C7	0x214B      	CALL       _pour
;coffee.c,123 :: 		enjoy();
0x02C8	0x2137      	CALL       _enjoy
;coffee.c,125 :: 		}
L_main10:
;coffee.c,126 :: 		if (PORTE == 0b010) {  // If button on RD3 is pressed
0x02C9	0x1283      	BCF        STATUS, 5
0x02CA	0x0809      	MOVF       PORTE, 0
0x02CB	0x3A02      	XORLW      2
0x02CC	0x1D03      	BTFSS      STATUS, 2
0x02CD	0x2B3D      	GOTO       L_main13
;coffee.c,127 :: 		Lcd_Cmd(_LCD_CLEAR);
0x02CE	0x3001      	MOVLW      1
0x02CF	0x1703      	BSF        STATUS, 6
0x02D0	0x00A2      	MOVWF      FARG_Lcd_Cmd_out_char
0x02D1	0x201A      	CALL       _Lcd_Cmd
;coffee.c,128 :: 		Lcd_Cmd(_LCD_CURSOR_OFF); // Turn off the cursor
0x02D2	0x300C      	MOVLW      12
0x02D3	0x1703      	BSF        STATUS, 6
0x02D4	0x00A2      	MOVWF      FARG_Lcd_Cmd_out_char
0x02D5	0x201A      	CALL       _Lcd_Cmd
;coffee.c,129 :: 		Lcd_Out(1, 1, "Preparing..");
0x02D6	0x3001      	MOVLW      1
0x02D7	0x1703      	BSF        STATUS, 6
0x02D8	0x009D      	MOVWF      FARG_Lcd_Out_row
0x02D9	0x3001      	MOVLW      1
0x02DA	0x009E      	MOVWF      FARG_Lcd_Out_column
0x02DB	0x304D      	MOVLW      ?lstr9_coffee
0x02DC	0x009F      	MOVWF      FARG_Lcd_Out_text
0x02DD	0x20C2      	CALL       _Lcd_Out
;coffee.c,131 :: 		CCPR1L = 249;  // Turn on motor 2
0x02DE	0x30F9      	MOVLW      249
0x02DF	0x0095      	MOVWF      CCPR1L
;coffee.c,132 :: 		MSdelay(6510/2);   // for half of the certain time  (test it)
0x02E0	0x30B7      	MOVLW      183
0x02E1	0x1703      	BSF        STATUS, 6
0x02E2	0x009D      	MOVWF      FARG_MSdelay_val
0x02E3	0x300C      	MOVLW      12
0x02E4	0x009E      	MOVWF      FARG_MSdelay_val+1
0x02E5	0x207A      	CALL       _MSdelay
;coffee.c,133 :: 		CCPR1L = 0;
0x02E6	0x1283      	BCF        STATUS, 5
0x02E7	0x0195      	CLRF       CCPR1L
;coffee.c,135 :: 		CCPR2L = 249;  //Turn on motor 1
0x02E8	0x30F9      	MOVLW      249
0x02E9	0x009B      	MOVWF      CCPR2L
;coffee.c,136 :: 		MSdelay(6510/2); // for half of the time (test it)
0x02EA	0x30B7      	MOVLW      183
0x02EB	0x1703      	BSF        STATUS, 6
0x02EC	0x009D      	MOVWF      FARG_MSdelay_val
0x02ED	0x300C      	MOVLW      12
0x02EE	0x009E      	MOVWF      FARG_MSdelay_val+1
0x02EF	0x207A      	CALL       _MSdelay
;coffee.c,137 :: 		CCPR2L = 0;
0x02F0	0x1283      	BCF        STATUS, 5
0x02F1	0x019B      	CLRF       CCPR2L
;coffee.c,138 :: 		Lcd_Cmd(_LCD_CLEAR);
0x02F2	0x3001      	MOVLW      1
0x02F3	0x1703      	BSF        STATUS, 6
0x02F4	0x00A2      	MOVWF      FARG_Lcd_Cmd_out_char
0x02F5	0x201A      	CALL       _Lcd_Cmd
;coffee.c,141 :: 		Lcd_Out(1,1,"Checking temp");
0x02F6	0x3001      	MOVLW      1
0x02F7	0x1703      	BSF        STATUS, 6
0x02F8	0x009D      	MOVWF      FARG_Lcd_Out_row
0x02F9	0x3001      	MOVLW      1
0x02FA	0x009E      	MOVWF      FARG_Lcd_Out_column
0x02FB	0x30A0      	MOVLW      ?lstr10_coffee
0x02FC	0x009F      	MOVWF      FARG_Lcd_Out_text
0x02FD	0x20C2      	CALL       _Lcd_Out
;coffee.c,142 :: 		temp= read_temp();  // initial reading of the temperature
0x02FE	0x21AC      	CALL       _read_temp
0x02FF	0x0870      	MOVF       R0, 0
0x0300	0x00EF      	MOVWF      _temp
;coffee.c,143 :: 		Lcd_Cmd(_LCD_CLEAR);
0x0301	0x3001      	MOVLW      1
0x0302	0x1703      	BSF        STATUS, 6
0x0303	0x00A2      	MOVWF      FARG_Lcd_Cmd_out_char
0x0304	0x201A      	CALL       _Lcd_Cmd
;coffee.c,144 :: 		Lcd_Out(1,1,"The temp is:");
0x0305	0x3001      	MOVLW      1
0x0306	0x1703      	BSF        STATUS, 6
0x0307	0x009D      	MOVWF      FARG_Lcd_Out_row
0x0308	0x3001      	MOVLW      1
0x0309	0x009E      	MOVWF      FARG_Lcd_Out_column
0x030A	0x30AE      	MOVLW      ?lstr11_coffee
0x030B	0x009F      	MOVWF      FARG_Lcd_Out_text
0x030C	0x20C2      	CALL       _Lcd_Out
;coffee.c,145 :: 		WordToStr(temp,temp_val);
0x030D	0x086F      	MOVF       _temp, 0
0x030E	0x1703      	BSF        STATUS, 6
0x030F	0x0098      	MOVWF      FARG_WordToStr_input
0x0310	0x0199      	CLRF       FARG_WordToStr_input+1
0x0311	0x3012      	MOVLW      _temp_val
0x0312	0x009A      	MOVWF      FARG_WordToStr_output
0x0313	0x216A      	CALL       _WordToStr
;coffee.c,146 :: 		Lcd_Out(2,1,temp_val);
0x0314	0x3002      	MOVLW      2
0x0315	0x009D      	MOVWF      FARG_Lcd_Out_row
0x0316	0x3001      	MOVLW      1
0x0317	0x009E      	MOVWF      FARG_Lcd_Out_column
0x0318	0x3012      	MOVLW      _temp_val
0x0319	0x009F      	MOVWF      FARG_Lcd_Out_text
0x031A	0x20C2      	CALL       _Lcd_Out
;coffee.c,147 :: 		MSdelay(3000);
0x031B	0x30B8      	MOVLW      184
0x031C	0x1703      	BSF        STATUS, 6
0x031D	0x009D      	MOVWF      FARG_MSdelay_val
0x031E	0x300B      	MOVLW      11
0x031F	0x009E      	MOVWF      FARG_MSdelay_val+1
0x0320	0x207A      	CALL       _MSdelay
;coffee.c,148 :: 		Lcd_Cmd(_LCD_CLEAR);
0x0321	0x3001      	MOVLW      1
0x0322	0x1283      	BCF        STATUS, 5
0x0323	0x1703      	BSF        STATUS, 6
0x0324	0x00A2      	MOVWF      FARG_Lcd_Cmd_out_char
0x0325	0x201A      	CALL       _Lcd_Cmd
;coffee.c,150 :: 		if(temp>15){
0x0326	0x086F      	MOVF       _temp, 0
0x0327	0x3C0F      	SUBLW      15
0x0328	0x1803      	BTFSC      STATUS, 0
0x0329	0x2B33      	GOTO       L_main14
;coffee.c,151 :: 		Lcd_Out(1,1,"Add ice");
0x032A	0x3001      	MOVLW      1
0x032B	0x1703      	BSF        STATUS, 6
0x032C	0x009D      	MOVWF      FARG_Lcd_Out_row
0x032D	0x3001      	MOVLW      1
0x032E	0x009E      	MOVWF      FARG_Lcd_Out_column
0x032F	0x30BB      	MOVLW      ?lstr12_coffee
0x0330	0x009F      	MOVWF      FARG_Lcd_Out_text
0x0331	0x20C2      	CALL       _Lcd_Out
;coffee.c,152 :: 		}else{
0x0332	0x2B3B      	GOTO       L_main15
L_main14:
;coffee.c,153 :: 		Lcd_Out(1,1,"Perfect temp");
0x0333	0x3001      	MOVLW      1
0x0334	0x1703      	BSF        STATUS, 6
0x0335	0x009D      	MOVWF      FARG_Lcd_Out_row
0x0336	0x3001      	MOVLW      1
0x0337	0x009E      	MOVWF      FARG_Lcd_Out_column
0x0338	0x3033      	MOVLW      ?lstr13_coffee
0x0339	0x009F      	MOVWF      FARG_Lcd_Out_text
0x033A	0x20C2      	CALL       _Lcd_Out
;coffee.c,154 :: 		}
L_main15:
;coffee.c,155 :: 		pour();
0x033B	0x214B      	CALL       _pour
;coffee.c,156 :: 		enjoy();
0x033C	0x2137      	CALL       _enjoy
;coffee.c,158 :: 		}
L_main13:
;coffee.c,159 :: 		}
0x033D	0x2A4D      	GOTO       L_main8
;coffee.c,160 :: 		}
L_end_main:
0x033E	0x2B3E      	GOTO       $+0
; end of _main
0x03DE	0x3020      	MOVLW      32
0x03DF	0x0084      	MOVWF      FSR
0x03E0	0x304E      	MOVLW      78
0x03E1	0x1283      	BCF        STATUS, 5
0x03E2	0x1303      	BCF        STATUS, 6
0x03E3	0x00F0      	MOVWF      R0
0x03E4	0x3044      	MOVLW      68
0x03E5	0x1683      	BSF        STATUS, 5
0x03E6	0x00EC      	MOVWF      ___DoICPAddr
0x03E7	0x3003      	MOVLW      3
0x03E8	0x00ED      	MOVWF      237
0x03E9	0x21C5      	CALL       453
0x03EA	0x30A0      	MOVLW      160
0x03EB	0x0084      	MOVWF      FSR
0x03EC	0x304C      	MOVLW      76
0x03ED	0x1283      	BCF        STATUS, 5
0x03EE	0x00F0      	MOVWF      R0
0x03EF	0x3092      	MOVLW      146
0x03F0	0x1683      	BSF        STATUS, 5
0x03F1	0x00EC      	MOVWF      ___DoICPAddr
0x03F2	0x3003      	MOVLW      3
0x03F3	0x00ED      	MOVWF      237
0x03F4	0x21C5      	CALL       453
0x03F5	0x0008      	RETURN
;coffee.c,0 :: ?ICS?lstr1_coffee
0x0344	0x3450 ;?ICS?lstr1_coffee+0
0x0345	0x346F ;?ICS?lstr1_coffee+1
0x0346	0x3475 ;?ICS?lstr1_coffee+2
0x0347	0x3472 ;?ICS?lstr1_coffee+3
0x0348	0x3469 ;?ICS?lstr1_coffee+4
0x0349	0x346E ;?ICS?lstr1_coffee+5
0x034A	0x3467 ;?ICS?lstr1_coffee+6
0x034B	0x342E ;?ICS?lstr1_coffee+7
0x034C	0x342E ;?ICS?lstr1_coffee+8
0x034D	0x3400 ;?ICS?lstr1_coffee+9
; end of ?ICS?lstr1_coffee
;coffee.c,0 :: ?ICS?lstr2_coffee
0x034E	0x3445 ;?ICS?lstr2_coffee+0
0x034F	0x346E ;?ICS?lstr2_coffee+1
0x0350	0x346A ;?ICS?lstr2_coffee+2
0x0351	0x346F ;?ICS?lstr2_coffee+3
0x0352	0x3479 ;?ICS?lstr2_coffee+4
0x0353	0x3420 ;?ICS?lstr2_coffee+5
0x0354	0x343A ;?ICS?lstr2_coffee+6
0x0355	0x3429 ;?ICS?lstr2_coffee+7
0x0356	0x3400 ;?ICS?lstr2_coffee+8
; end of ?ICS?lstr2_coffee
;coffee.c,0 :: ?ICS?lstr13_coffee
0x0357	0x3450 ;?ICS?lstr13_coffee+0
0x0358	0x3465 ;?ICS?lstr13_coffee+1
0x0359	0x3472 ;?ICS?lstr13_coffee+2
0x035A	0x3466 ;?ICS?lstr13_coffee+3
0x035B	0x3465 ;?ICS?lstr13_coffee+4
0x035C	0x3463 ;?ICS?lstr13_coffee+5
0x035D	0x3474 ;?ICS?lstr13_coffee+6
0x035E	0x3420 ;?ICS?lstr13_coffee+7
0x035F	0x3474 ;?ICS?lstr13_coffee+8
0x0360	0x3465 ;?ICS?lstr13_coffee+9
0x0361	0x346D ;?ICS?lstr13_coffee+10
0x0362	0x3470 ;?ICS?lstr13_coffee+11
0x0363	0x3400 ;?ICS?lstr13_coffee+12
; end of ?ICS?lstr13_coffee
;coffee.c,0 :: ?ICS?lstr6_coffee
0x0364	0x3454 ;?ICS?lstr6_coffee+0
0x0365	0x3468 ;?ICS?lstr6_coffee+1
0x0366	0x3465 ;?ICS?lstr6_coffee+2
0x0367	0x3420 ;?ICS?lstr6_coffee+3
0x0368	0x3474 ;?ICS?lstr6_coffee+4
0x0369	0x3465 ;?ICS?lstr6_coffee+5
0x036A	0x346D ;?ICS?lstr6_coffee+6
0x036B	0x3470 ;?ICS?lstr6_coffee+7
0x036C	0x3420 ;?ICS?lstr6_coffee+8
0x036D	0x3469 ;?ICS?lstr6_coffee+9
0x036E	0x3473 ;?ICS?lstr6_coffee+10
0x036F	0x343A ;?ICS?lstr6_coffee+11
0x0370	0x3400 ;?ICS?lstr6_coffee+12
; end of ?ICS?lstr6_coffee
;coffee.c,0 :: ?ICS?lstr9_coffee
0x0371	0x3450 ;?ICS?lstr9_coffee+0
0x0372	0x3472 ;?ICS?lstr9_coffee+1
0x0373	0x3465 ;?ICS?lstr9_coffee+2
0x0374	0x3470 ;?ICS?lstr9_coffee+3
0x0375	0x3461 ;?ICS?lstr9_coffee+4
0x0376	0x3472 ;?ICS?lstr9_coffee+5
0x0377	0x3469 ;?ICS?lstr9_coffee+6
0x0378	0x346E ;?ICS?lstr9_coffee+7
0x0379	0x3467 ;?ICS?lstr9_coffee+8
0x037A	0x342E ;?ICS?lstr9_coffee+9
0x037B	0x342E ;?ICS?lstr9_coffee+10
0x037C	0x3400 ;?ICS?lstr9_coffee+11
; end of ?ICS?lstr9_coffee
;coffee.c,0 :: ?ICS?lstr8_coffee
0x037D	0x3450 ;?ICS?lstr8_coffee+0
0x037E	0x3465 ;?ICS?lstr8_coffee+1
0x037F	0x3472 ;?ICS?lstr8_coffee+2
0x0380	0x3466 ;?ICS?lstr8_coffee+3
0x0381	0x3465 ;?ICS?lstr8_coffee+4
0x0382	0x3463 ;?ICS?lstr8_coffee+5
0x0383	0x3474 ;?ICS?lstr8_coffee+6
0x0384	0x3420 ;?ICS?lstr8_coffee+7
0x0385	0x3474 ;?ICS?lstr8_coffee+8
0x0386	0x3465 ;?ICS?lstr8_coffee+9
0x0387	0x346D ;?ICS?lstr8_coffee+10
0x0388	0x3470 ;?ICS?lstr8_coffee+11
0x0389	0x3400 ;?ICS?lstr8_coffee+12
; end of ?ICS?lstr8_coffee
;coffee.c,0 :: ?ICS?lstr7_coffee
0x038A	0x3441 ;?ICS?lstr7_coffee+0
0x038B	0x3464 ;?ICS?lstr7_coffee+1
0x038C	0x3464 ;?ICS?lstr7_coffee+2
0x038D	0x3420 ;?ICS?lstr7_coffee+3
0x038E	0x3469 ;?ICS?lstr7_coffee+4
0x038F	0x3463 ;?ICS?lstr7_coffee+5
0x0390	0x3465 ;?ICS?lstr7_coffee+6
0x0391	0x3400 ;?ICS?lstr7_coffee+7
; end of ?ICS?lstr7_coffee
;coffee.c,0 :: ?ICS?lstr10_coffee
0x0392	0x3443 ;?ICS?lstr10_coffee+0
0x0393	0x3468 ;?ICS?lstr10_coffee+1
0x0394	0x3465 ;?ICS?lstr10_coffee+2
0x0395	0x3463 ;?ICS?lstr10_coffee+3
0x0396	0x346B ;?ICS?lstr10_coffee+4
0x0397	0x3469 ;?ICS?lstr10_coffee+5
0x0398	0x346E ;?ICS?lstr10_coffee+6
0x0399	0x3467 ;?ICS?lstr10_coffee+7
0x039A	0x3420 ;?ICS?lstr10_coffee+8
0x039B	0x3474 ;?ICS?lstr10_coffee+9
0x039C	0x3465 ;?ICS?lstr10_coffee+10
0x039D	0x346D ;?ICS?lstr10_coffee+11
0x039E	0x3470 ;?ICS?lstr10_coffee+12
0x039F	0x3400 ;?ICS?lstr10_coffee+13
; end of ?ICS?lstr10_coffee
;coffee.c,0 :: ?ICS?lstr11_coffee
0x03A0	0x3454 ;?ICS?lstr11_coffee+0
0x03A1	0x3468 ;?ICS?lstr11_coffee+1
0x03A2	0x3465 ;?ICS?lstr11_coffee+2
0x03A3	0x3420 ;?ICS?lstr11_coffee+3
0x03A4	0x3474 ;?ICS?lstr11_coffee+4
0x03A5	0x3465 ;?ICS?lstr11_coffee+5
0x03A6	0x346D ;?ICS?lstr11_coffee+6
0x03A7	0x3470 ;?ICS?lstr11_coffee+7
0x03A8	0x3420 ;?ICS?lstr11_coffee+8
0x03A9	0x3469 ;?ICS?lstr11_coffee+9
0x03AA	0x3473 ;?ICS?lstr11_coffee+10
0x03AB	0x343A ;?ICS?lstr11_coffee+11
0x03AC	0x3400 ;?ICS?lstr11_coffee+12
; end of ?ICS?lstr11_coffee
;coffee.c,0 :: ?ICS?lstr12_coffee
0x03AD	0x3441 ;?ICS?lstr12_coffee+0
0x03AE	0x3464 ;?ICS?lstr12_coffee+1
0x03AF	0x3464 ;?ICS?lstr12_coffee+2
0x03B0	0x3420 ;?ICS?lstr12_coffee+3
0x03B1	0x3469 ;?ICS?lstr12_coffee+4
0x03B2	0x3463 ;?ICS?lstr12_coffee+5
0x03B3	0x3465 ;?ICS?lstr12_coffee+6
0x03B4	0x3400 ;?ICS?lstr12_coffee+7
; end of ?ICS?lstr12_coffee
;coffee.c,0 :: ?ICS?lstr5_coffee
0x03B5	0x3443 ;?ICS?lstr5_coffee+0
0x03B6	0x3468 ;?ICS?lstr5_coffee+1
0x03B7	0x3465 ;?ICS?lstr5_coffee+2
0x03B8	0x3463 ;?ICS?lstr5_coffee+3
0x03B9	0x346B ;?ICS?lstr5_coffee+4
0x03BA	0x3469 ;?ICS?lstr5_coffee+5
0x03BB	0x346E ;?ICS?lstr5_coffee+6
0x03BC	0x3467 ;?ICS?lstr5_coffee+7
0x03BD	0x3420 ;?ICS?lstr5_coffee+8
0x03BE	0x3474 ;?ICS?lstr5_coffee+9
0x03BF	0x3465 ;?ICS?lstr5_coffee+10
0x03C0	0x346D ;?ICS?lstr5_coffee+11
0x03C1	0x3470 ;?ICS?lstr5_coffee+12
0x03C2	0x3400 ;?ICS?lstr5_coffee+13
; end of ?ICS?lstr5_coffee
;coffee.c,0 :: ?ICS?lstr4_coffee
0x03C3	0x3450 ;?ICS?lstr4_coffee+0
0x03C4	0x3472 ;?ICS?lstr4_coffee+1
0x03C5	0x3465 ;?ICS?lstr4_coffee+2
0x03C6	0x3470 ;?ICS?lstr4_coffee+3
0x03C7	0x3461 ;?ICS?lstr4_coffee+4
0x03C8	0x3472 ;?ICS?lstr4_coffee+5
0x03C9	0x3469 ;?ICS?lstr4_coffee+6
0x03CA	0x346E ;?ICS?lstr4_coffee+7
0x03CB	0x3467 ;?ICS?lstr4_coffee+8
0x03CC	0x342E ;?ICS?lstr4_coffee+9
0x03CD	0x342E ;?ICS?lstr4_coffee+10
0x03CE	0x3400 ;?ICS?lstr4_coffee+11
; end of ?ICS?lstr4_coffee
;coffee.c,0 :: ?ICS?lstr3_coffee
0x03CF	0x3453 ;?ICS?lstr3_coffee+0
0x03D0	0x3465 ;?ICS?lstr3_coffee+1
0x03D1	0x346C ;?ICS?lstr3_coffee+2
0x03D2	0x3465 ;?ICS?lstr3_coffee+3
0x03D3	0x3463 ;?ICS?lstr3_coffee+4
0x03D4	0x3474 ;?ICS?lstr3_coffee+5
0x03D5	0x3420 ;?ICS?lstr3_coffee+6
0x03D6	0x3461 ;?ICS?lstr3_coffee+7
0x03D7	0x3420 ;?ICS?lstr3_coffee+8
0x03D8	0x3464 ;?ICS?lstr3_coffee+9
0x03D9	0x3472 ;?ICS?lstr3_coffee+10
0x03DA	0x3469 ;?ICS?lstr3_coffee+11
0x03DB	0x346E ;?ICS?lstr3_coffee+12
0x03DC	0x346B ;?ICS?lstr3_coffee+13
0x03DD	0x3400 ;?ICS?lstr3_coffee+14
; end of ?ICS?lstr3_coffee
Symbol List:
//** Routines locations **
//ADDRESS    SIZE    PROCEDURE
//----------------------------------------------
0x0003       [7]    _Delay_50us
0x000A       [3]    _Delay_1us
0x000D      [13]    _Delay_5500us
0x001A      [87]    _Lcd_Cmd
0x0071       [9]    _Lcd_Chr_CP
0x007A      [43]    _MSdelay
0x00A5      [29]    _Div_16X16_U
0x00C2      [67]    _Lcd_Out
0x0105      [43]    _Mul_16X16_U
0x0130       [7]    _____DoICP
0x0137      [20]    _enjoy
0x014B      [31]    _pour
0x016A      [66]    _WordToStr
0x01AC      [25]    _read_temp
0x01C5      [12]    ___CC2DW
0x01D1      [78]    _Lcd_Init
0x021F      [15]    _PMW_init
0x022E      [11]    _ADC_init
0x0239     [261]    _main
//** Variables locations ** 
//ADDRESS    SIZE    VARIABLE
//----------------------------------------------
0x0000       [1]    INDF
0x0002       [1]    PCL
0x0003       [1]    STATUS
0x0004       [1]    FSR
0x0006       [1]    PORTB
0x0007       [1]    PORTC
0x0008       [0]    RD2_bit
0x0008       [0]    LCD_RS
0x0008       [0]    RD1_bit
0x0008       [0]    LCD_D7
0x0008       [0]    LCD_EN
0x0008       [0]    RD3_bit
0x0008       [0]    RD5_bit
0x0008       [1]    PORTD
0x0008       [0]    RD4_bit
0x0008       [0]    RD0_bit
0x0008       [0]    LCD_D4
0x0008       [0]    LCD_D5
0x0008       [0]    LCD_D6
0x0009       [1]    PORTE
0x000A       [1]    PCLATH
0x0012       [1]    T2CON
0x0015       [1]    CCPR1L
0x0017       [1]    CCP1CON
0x001B       [1]    CCPR2L
0x001D       [1]    CCP2CON
0x001E       [1]    ADRESH
0x001F       [1]    ADCON0
0x0020      [10]    ?lstr1_coffee
0x002A       [9]    ?lstr2_coffee
0x0033      [13]    ?lstr13_coffee
0x0040      [13]    ?lstr6_coffee
0x004D      [12]    ?lstr9_coffee
0x0059      [13]    ?lstr8_coffee
0x0066       [8]    ?lstr7_coffee
0x006E       [0]    __Lib_Lcd_cmd_status
0x006F       [1]    _temp
0x0070       [1]    R0
0x0071       [1]    R1
0x0072       [1]    R2
0x0073       [1]    R3
0x0074       [1]    R4
0x0075       [1]    R5
0x0076       [1]    R6
0x0077       [1]    R7
0x0078       [1]    R8
0x0079       [1]    R9
0x007A       [1]    R10
0x007B       [1]    R11
0x007C       [1]    R12
0x007D       [1]    R13
0x007E       [1]    R14
0x007F       [1]    R15
0x0085       [1]    TRISA
0x0086       [1]    TRISB
0x0087       [1]    TRISC
0x0088       [0]    TRISD4_bit
0x0088       [0]    TRISD2_bit
0x0088       [0]    TRISD0_bit
0x0088       [0]    TRISD5_bit
0x0088       [0]    TRISD3_bit
0x0088       [0]    LCD_D7_Direction
0x0088       [0]    LCD_D6_Direction
0x0088       [0]    LCD_RS_Direction
0x0088       [0]    LCD_EN_Direction
0x0088       [0]    TRISD1_bit
0x0088       [0]    LCD_D4_Direction
0x0088       [0]    LCD_D5_Direction
0x0088       [1]    TRISD
0x0089       [1]    TRISE
0x0092       [1]    PR2
0x009E       [1]    ADRESL
0x009F       [1]    ADCON1
0x00A0      [14]    ?lstr10_coffee
0x00AE      [13]    ?lstr11_coffee
0x00BB       [8]    ?lstr12_coffee
0x00C3      [14]    ?lstr5_coffee
0x00D1      [12]    ?lstr4_coffee
0x00DD      [15]    ?lstr3_coffee
0x00EC       [2]    ___DoICPAddr
0x00EE       [2]    _i
0x0110       [2]    _j
0x0112       [6]    _temp_val
0x0118       [2]    FARG_WordToStr_input
0x011A       [1]    FARG_WordToStr_output
0x011B       [1]    WordToStr_len_L0
0x011C       [1]    FLOC__WordToStr
0x011D       [2]    FARG_MSdelay_val
0x011D       [1]    FARG_Lcd_Out_row
0x011E       [1]    FARG_Lcd_Out_column
0x011F       [1]    FARG_Lcd_Out_text
0x0120       [1]    Lcd_Out_i_L0
0x0121       [1]    FARG_Lcd_Chr_CP_out_char
0x0122       [1]    FARG_Lcd_Cmd_out_char
//** Constants locations ** 
//ADDRESS    SIZE    CONSTANT
//----------------------------------------------
0x0344      [10]    ?ICS?lstr1_coffee
0x034E       [9]    ?ICS?lstr2_coffee
0x0357      [13]    ?ICS?lstr13_coffee
0x0364      [13]    ?ICS?lstr6_coffee
0x0371      [12]    ?ICS?lstr9_coffee
0x037D      [13]    ?ICS?lstr8_coffee
0x038A       [8]    ?ICS?lstr7_coffee
0x0392      [14]    ?ICS?lstr10_coffee
0x03A0      [13]    ?ICS?lstr11_coffee
0x03AD       [8]    ?ICS?lstr12_coffee
0x03B5      [14]    ?ICS?lstr5_coffee
0x03C3      [12]    ?ICS?lstr4_coffee
0x03CF      [15]    ?ICS?lstr3_coffee
